#
# There is insufficient memory for the Java Runtime Environment to continue.
# Native memory allocation (mmap) failed to map 130023424 bytes for G1 virtual space
# Possible reasons:
#   The system is out of physical RAM or swap space
#   The process is running with CompressedOops enabled, and the Java Heap may be blocking the growth of the native heap
# Possible solutions:
#   Reduce memory load on the system
#   Increase physical memory or swap space
#   Check if swap backing store is full
#   Decrease Java heap size (-Xmx/-Xms)
#   Decrease number of Java threads
#   Decrease Java thread stack sizes (-Xss)
#   Set larger code cache with -XX:ReservedCodeCacheSize=
#   JVM is running with Unscaled Compressed Oops mode in which the Java heap is
#     placed in the first 4GB address space. The Java Heap base address is the
#     maximum limit for the native heap growth. Please use -XX:HeapBaseMinAddress
#     to set the Java Heap base and to place the Java Heap above 4GB virtual address.
# This output file may be truncated or incomplete.
#
#  Out of Memory Error (os_windows.cpp:3617), pid=22964, tid=20516
#
# JRE version:  (17.0.8.1+8) (build )
# Java VM: OpenJDK 64-Bit Server VM (17.0.8.1+8-LTS, mixed mode, sharing, tiered, compressed oops, compressed class ptrs, g1 gc, windows-amd64)
# No core dump will be written. Minidumps are not enabled by default on client versions of Windows
#

---------------  S U M M A R Y ------------

Command Line: -Dfile.encoding=windows-1252 -Duser.country=US -Duser.language=en -Duser.variant org.example.Main

Host: Intel(R) Core(TM) i7-1065G7 CPU @ 1.30GHz, 8 cores, 7G,  Windows 10 , 64 bit Build 19041 (10.0.19041.3393)
Time: Sat Oct  7 09:36:42 2023 Azerbaijan Standard Time elapsed time: 1.861497 seconds (0d 0h 0m 1s)

---------------  T H R E A D  ---------------

Current thread (0x000001d1d0c5f970):  JavaThread "Unknown thread" [_thread_in_vm, id=20516, stack(0x00000034eb300000,0x00000034eb400000)]

Stack: [0x00000034eb300000,0x00000034eb400000]
Native frames: (J=compiled Java code, j=interpreted, Vv=VM code, C=native code)
V  [jvm.dll+0x64c9da]
V  [jvm.dll+0x800834]
V  [jvm.dll+0x801fee]
V  [jvm.dll+0x802643]
V  [jvm.dll+0x23715b]
V  [jvm.dll+0x64977a]
V  [jvm.dll+0x63e1ca]
V  [jvm.dll+0x2f5e99]
V  [jvm.dll+0x2fd096]
V  [jvm.dll+0x349b7a]
V  [jvm.dll+0x349dbf]
V  [jvm.dll+0x2cc0d8]
V  [jvm.dll+0x2cd069]
V  [jvm.dll+0x7d4491]
V  [jvm.dll+0x357051]
V  [jvm.dll+0x7b485e]
V  [jvm.dll+0x3d45f3]
V  [jvm.dll+0x3d6041]
C  [jli.dll+0x51bf]
C  [ucrtbase.dll+0x21bb2]
C  [KERNEL32.DLL+0x17344]
C  [ntdll.dll+0x526b1]


---------------  P R O C E S S  ---------------

Threads class SMR info:
_java_thread_list=0x00007ffb744bf898, length=0, elements={
}

Java Threads: ( => current thread )

Other Threads:
  0x000001d1d0cb9b40 GCTaskThread "GC Thread#0" [stack: 0x00000034eb400000,0x00000034eb500000] [id=22792]
  0x000001d1d0cca950 ConcurrentGCThread "G1 Main Marker" [stack: 0x00000034eb500000,0x00000034eb600000] [id=21972]
  0x000001d1d0ccb360 ConcurrentGCThread "G1 Conc#0" [stack: 0x00000034eb600000,0x00000034eb700000] [id=21916]

[error occurred during error reporting (printing all threads), id 0xc0000005, EXCEPTION_ACCESS_VIOLATION (0xc0000005) at pc=0x00007ffb73cad377]

VM state: not at safepoint (not fully initialized)

VM Mutex/Monitor currently owned by a thread:  ([mutex/lock_event])
[0x000001d1d0c5ace0] Heap_lock - owner thread: 0x000001d1d0c5f970

Heap address: 0x0000000084c00000, size: 1972 MB, Compressed Oops mode: 32-bit

CDS archive(s) mapped at: [0x0000000000000000-0x0000000000000000-0x0000000000000000), size 0, SharedBaseAddress: 0x0000000800000000, ArchiveRelocationMode: 1.
Narrow klass base: 0x0000000000000000, Narrow klass shift: 0, Narrow klass range: 0x0

GC Precious Log:
<Empty>

Heap:
 garbage-first heap   total 0K, used 0K [0x0000000084c00000, 0x0000000100000000)
  region size 1024K, 0 young (0K), 0 survivors (0K)

[error occurred during error reporting (printing heap information), id 0xc0000005, EXCEPTION_ACCESS_VIOLATION (0xc0000005) at pc=0x00007ffb74074bd9]

GC Heap History (0 events):
No events

Dll operation events (1 events):
Event: 1.316 Loaded shared library C:\Users\Administrator\.jdks\corretto-17.0.8.1\bin\java.dll

Deoptimization events (0 events):
No events

Classes unloaded (0 events):
No events

Classes redefined (0 events):
No events

Internal exceptions (0 events):
No events

VM Operations (0 events):
No events

Events (0 events):
No events


Dynamic libraries:
0x00007ff7f36a0000 - 0x00007ff7f36ad000 	C:\Users\Administrator\.jdks\corretto-17.0.8.1\bin\java.exe
0x00007ffbf5510000 - 0x00007ffbf5708000 	C:\WINDOWS\SYSTEM32\ntdll.dll
0x00007ffbf3600000 - 0x00007ffbf36bd000 	C:\WINDOWS\System32\KERNEL32.DLL
0x00007ffbf2bf0000 - 0x00007ffbf2ee6000 	C:\WINDOWS\System32\KERNELBASE.dll
0x00007ffbf2f40000 - 0x00007ffbf3040000 	C:\WINDOWS\System32\ucrtbase.dll
0x00007ffbcd000000 - 0x00007ffbcd017000 	C:\Users\Administrator\.jdks\corretto-17.0.8.1\bin\jli.dll
0x00007ffbccfe0000 - 0x00007ffbccff5000 	C:\Users\Administrator\.jdks\corretto-17.0.8.1\bin\VCRUNTIME140.dll
0x00007ffbf37a0000 - 0x00007ffbf393e000 	C:\WINDOWS\System32\USER32.dll
0x00007ffbf3330000 - 0x00007ffbf3352000 	C:\WINDOWS\System32\win32u.dll
0x00007ffbd50c0000 - 0x00007ffbd535a000 	C:\WINDOWS\WinSxS\amd64_microsoft.windows.common-controls_6595b64144ccf1df_6.0.19041.1110_none_60b5254171f9507e\COMCTL32.dll
0x00007ffbf44c0000 - 0x00007ffbf44ec000 	C:\WINDOWS\System32\GDI32.dll
0x00007ffbf4420000 - 0x00007ffbf44be000 	C:\WINDOWS\System32\msvcrt.dll
0x00007ffbf3210000 - 0x00007ffbf332a000 	C:\WINDOWS\System32\gdi32full.dll
0x00007ffbf3170000 - 0x00007ffbf320d000 	C:\WINDOWS\System32\msvcp_win.dll
0x00007ffbf4cd0000 - 0x00007ffbf4d00000 	C:\WINDOWS\System32\IMM32.DLL
0x00007ffbccf40000 - 0x00007ffbccfdb000 	C:\Users\Administrator\.jdks\corretto-17.0.8.1\bin\msvcp140.dll
0x00007ffb739d0000 - 0x00007ffb745ed000 	C:\Users\Administrator\.jdks\corretto-17.0.8.1\bin\server\jvm.dll
0x00007ffbf41c0000 - 0x00007ffbf426e000 	C:\WINDOWS\System32\ADVAPI32.dll
0x00007ffbf4b00000 - 0x00007ffbf4b9c000 	C:\WINDOWS\System32\sechost.dll
0x00007ffbf44f0000 - 0x00007ffbf4616000 	C:\WINDOWS\System32\RPCRT4.dll
0x00007ffbf2160000 - 0x00007ffbf21ab000 	C:\WINDOWS\SYSTEM32\POWRPROF.dll
0x00007ffbd9b80000 - 0x00007ffbd9ba7000 	C:\WINDOWS\SYSTEM32\WINMM.dll
0x00007ffbeb5a0000 - 0x00007ffbeb5aa000 	C:\WINDOWS\SYSTEM32\VERSION.dll
0x00007ffbe74a0000 - 0x00007ffbe74a9000 	C:\WINDOWS\SYSTEM32\WSOCK32.dll
0x00007ffbf43b0000 - 0x00007ffbf441b000 	C:\WINDOWS\System32\ws2_32.DLL
0x00007ffbf1fd0000 - 0x00007ffbf1fe2000 	C:\WINDOWS\SYSTEM32\UMPDC.dll
0x00007ffbf13d0000 - 0x00007ffbf13e2000 	C:\WINDOWS\SYSTEM32\kernel.appcore.dll
0x00007ffbceb50000 - 0x00007ffbceb5a000 	C:\Users\Administrator\.jdks\corretto-17.0.8.1\bin\jimage.dll
0x00007ffbe3960000 - 0x00007ffbe3b44000 	C:\WINDOWS\SYSTEM32\DBGHELP.DLL
0x00007ffbce9f0000 - 0x00007ffbcea24000 	C:\WINDOWS\SYSTEM32\dbgcore.DLL
0x00007ffbf30e0000 - 0x00007ffbf3162000 	C:\WINDOWS\System32\bcryptPrimitives.dll
0x00007ffbccf00000 - 0x00007ffbccf25000 	C:\Users\Administrator\.jdks\corretto-17.0.8.1\bin\java.dll

dbghelp: loaded successfully - version: 4.0.5 - missing functions: none
symbol engine: initialized successfully - sym options: 0x614 - pdb path: .;C:\Users\Administrator\.jdks\corretto-17.0.8.1\bin;C:\WINDOWS\SYSTEM32;C:\WINDOWS\WinSxS\amd64_microsoft.windows.common-controls_6595b64144ccf1df_6.0.19041.1110_none_60b5254171f9507e;C:\Users\Administrator\.jdks\corretto-17.0.8.1\bin\server

VM Arguments:
jvm_args: -Dfile.encoding=windows-1252 -Duser.country=US -Duser.language=en -Duser.variant 
java_command: org.example.Main
java_class_path (initial): C:\Users\Administrator\IdeaProjects\ProjectExam\build\classes\java\main;C:\Users\Administrator\IdeaProjects\ProjectExam\build\resources\main;C:\Users\Administrator\.gradle\caches\modules-2\files-2.1\org.postgresql\postgresql\42.6.0\7614cfce466145b84972781ab0079b8dea49e363\postgresql-42.6.0.jar;C:\Users\Administrator\.gradle\caches\modules-2\files-2.1\org.checkerframework\checker-qual\3.31.0\eeefd4af42e2f4221d145c1791582f91868f99ab\checker-qual-3.31.0.jar
Launcher Type: SUN_STANDARD

[Global flags]
     intx CICompilerCount                          = 4                                         {product} {ergonomic}
     uint ConcGCThreads                            = 2                                         {product} {ergonomic}
     uint G1ConcRefinementThreads                  = 8                                         {product} {ergonomic}
   size_t G1HeapRegionSize                         = 1048576                                   {product} {ergonomic}
    uintx GCDrainStackTargetSize                   = 64                                        {product} {ergonomic}
   size_t InitialHeapSize                          = 130023424                                 {product} {ergonomic}
   size_t MarkStackSize                            = 4194304                                   {product} {ergonomic}
   size_t MaxHeapSize                              = 2067791872                                {product} {ergonomic}
   size_t MinHeapDeltaBytes                        = 1048576                                   {product} {ergonomic}
   size_t MinHeapSize                              = 8388608                                   {product} {ergonomic}
    uintx NonNMethodCodeHeapSize                   = 5839372                                {pd product} {ergonomic}
    uintx NonProfiledCodeHeapSize                  = 122909434                              {pd product} {ergonomic}
    uintx ProfiledCodeHeapSize                     = 122909434                              {pd product} {ergonomic}
    uintx ReservedCodeCacheSize                    = 251658240                              {pd product} {ergonomic}
     bool SegmentedCodeCache                       = true                                      {product} {ergonomic}
   size_t SoftMaxHeapSize                          = 2067791872                             {manageable} {ergonomic}
     bool UseCompressedClassPointers               = true                           {product lp64_product} {ergonomic}
     bool UseCompressedOops                        = true                           {product lp64_product} {ergonomic}
     bool UseG1GC                                  = true                                      {product} {ergonomic}
     bool UseLargePagesIndividualAllocation        = false                                  {pd product} {ergonomic}

Logging:
Log output configuration:
 #0: stdout all=warning uptime,level,tags
 #1: stderr all=off uptime,level,tags

Environment Variables:
PATH=C:\Program Files\Common Files\Oracle\Java\javapath;C:\Program Files (x86)\Common Files\Oracle\Java\javapath;C:\oraclexe\app\oracle\product\11.2.0\server\bin;C:\WINDOWS\system32;C:\WINDOWS;C:\WINDOWS\System32\Wbem;C:\WINDOWS\System32\WindowsPowerShell\v1.0\;C:\WINDOWS\System32\OpenSSH\;C:\Program Files\Git\cmd;C:\Program Files\Docker\Docker\resources\bin;C:\Users\Administrator\AppData\Local\Microsoft\WindowsApps;
USERNAME=Administrator
OS=Windows_NT
PROCESSOR_IDENTIFIER=Intel64 Family 6 Model 126 Stepping 5, GenuineIntel
TMP=C:\Users\ADMINI~1\AppData\Local\Temp
TEMP=C:\Users\ADMINI~1\AppData\Local\Temp



---------------  S Y S T E M  ---------------

OS:
 Windows 10 , 64 bit Build 19041 (10.0.19041.3393)
OS uptime: 0 days 11:19 hours
Hyper-V role detected

CPU: total 8 (initial active 8) (4 cores per cpu, 2 threads per core) family 6 model 126 stepping 5 microcode 0x78, cx8, cmov, fxsr, ht, mmx, 3dnowpref, sse, sse2, sse3, ssse3, sse4.1, sse4.2, popcnt, lzcnt, tsc, tscinvbit, avx, avx2, aes, erms, clmul, bmi1, bmi2, adx, avx512f, avx512dq, avx512cd, avx512bw, avx512vl, sha, fma, vzeroupper, avx512_vpopcntdq, avx512_vpclmulqdq, avx512_vaes, avx512_vnni, clflush, clflushopt, avx512_vbmi2, avx512_vbmi, hv
Processor Information for all 8 processors :
  Max Mhz: 1498, Current Mhz: 1298, Mhz Limit: 1288

Memory: 4k page, system-wide physical 7880M (282M free)
TotalPageFile size 20168M (AvailPageFile size 64M)
current process WorkingSet (physical memory assigned to process): 10M, peak: 10M
current process commit charge ("private bytes"): 60M, peak: 184M

vm_info: OpenJDK 64-Bit Server VM (17.0.8.1+8-LTS) for windows-amd64 JRE (17.0.8.1+8-LTS), built on Aug 19 2023 03:47:39 by "Administrator" with MS VC++ 15.9 (VS2017)

END.
